<?xml version="1.0" encoding="utf-8"?><testsuites name="pytest tests"><testsuite name="pytest" errors="0" failures="2" skipped="0" tests="15" time="16.205" timestamp="2026-05-15T16:56:31.449901+00:00" hostname="agent-env-181a693a-5bd7-4146-a9ca-49024d6de8a0"><testcase classname="backend.tests.test_medsphere" name="test_health" time="0.262" /><testcase classname="backend.tests.test_medsphere" name="test_root" time="0.138" /><testcase classname="backend.tests.test_medsphere" name="test_register_patient_and_login_and_me_and_logout" time="0.351"><failure message="AssertionError: assert ('test_patient...8@example.com' == 'TEST_patient...8@example.com'&#10;  &#10;  - TEST_patient_fada11e8@example.com&#10;  ? ^^^^&#10;  + test_patient_fada11e8@example.com&#10;  ? ^^^^)">backend/tests/test_medsphere.py:49: in test_register_patient_and_login_and_me_and_logout
    assert data["email"] == email and data["role"] == "patient" and "id" in data
E   AssertionError: assert ('test_patient...8@example.com' == 'TEST_patient...8@example.com'
E     
E     - TEST_patient_fada11e8@example.com
E     ? ^^^^
E     + test_patient_fada11e8@example.com
E     ? ^^^^)</failure></testcase><testcase classname="backend.tests.test_medsphere" name="test_register_doctor_creates_doctor_profile_unapproved" time="0.635" /><testcase classname="backend.tests.test_medsphere" name="test_duplicate_email_register_rejected" time="0.110" /><testcase classname="backend.tests.test_medsphere" name="test_list_doctors_seeded" time="0.156" /><testcase classname="backend.tests.test_medsphere" name="test_specialties_endpoint" time="0.141" /><testcase classname="backend.tests.test_medsphere" name="test_filter_doctors_by_specialty_and_q" time="0.129" /><testcase classname="backend.tests.test_medsphere" name="test_get_doctor_by_id_404" time="0.200" /><testcase classname="backend.tests.test_medsphere" name="test_doctor_login_profile_and_availability_update" time="0.727" /><testcase classname="backend.tests.test_medsphere" name="test_booking_flow_role_checks_and_slot_removal" time="1.608" /><testcase classname="backend.tests.test_medsphere" name="test_admin_endpoints" time="0.674" /><testcase classname="backend.tests.test_medsphere" name="test_non_admin_cannot_access_admin" time="0.424" /><testcase classname="backend.tests.test_medsphere" name="test_ai_chat_and_history" time="8.020" /><testcase classname="backend.tests.test_medsphere" name="test_brute_force_lockout" time="2.421"><failure message="AssertionError: Expected 429 after 5 attempts, got 401&#10;assert 401 == 429">backend/tests/test_medsphere.py:294: in test_brute_force_lockout
    assert last_code == 429, f"Expected 429 after 5 attempts, got {last_code}"
E   AssertionError: Expected 429 after 5 attempts, got 401
E   assert 401 == 429</failure></testcase></testsuite></testsuites>