<?xml version="1.0" encoding="utf-8"?><testsuites name="pytest tests"><testsuite name="pytest" errors="0" failures="0" skipped="0" tests="25" time="76.200" timestamp="2026-05-16T14:38:32.301755+00:00" hostname="agent-env-181a693a-5bd7-4146-a9ca-49024d6de8a0"><testcase classname="backend.tests.test_sukhyamed" name="test_health" time="0.290" /><testcase classname="backend.tests.test_sukhyamed" name="test_config_public" time="0.116" /><testcase classname="backend.tests.test_sukhyamed" name="test_security_headers" time="0.110" /><testcase classname="backend.tests.test_sukhyamed" name="test_list_hospitals" time="0.105" /><testcase classname="backend.tests.test_sukhyamed" name="test_list_areas" time="0.102" /><testcase classname="backend.tests.test_sukhyamed" name="test_specialties" time="0.102" /><testcase classname="backend.tests.test_sukhyamed" name="test_list_doctors_and_detail" time="0.252" /><testcase classname="backend.tests.test_sukhyamed" name="test_hospital_detail_and_doctors" time="0.413" /><testcase classname="backend.tests.test_sukhyamed" name="test_doctor_slots_weekday" time="0.227" /><testcase classname="backend.tests.test_sukhyamed" name="test_register_password_complexity" time="0.108" /><testcase classname="backend.tests.test_sukhyamed" name="test_register_doctor_requires_hospital" time="0.337" /><testcase classname="backend.tests.test_sukhyamed" name="test_register_doctor_creates_unapproved" time="0.560" /><testcase classname="backend.tests.test_sukhyamed" name="test_login_admin_patient_doctor" time="1.030" /><testcase classname="backend.tests.test_sukhyamed" name="test_me_and_logout" time="0.432" /><testcase classname="backend.tests.test_sukhyamed" name="test_csrf_rejected_without_header" time="0.400" /><testcase classname="backend.tests.test_sukhyamed" name="test_booking_flow_and_slot_removal" time="1.043" /><testcase classname="backend.tests.test_sukhyamed" name="test_doctor_cannot_book" time="0.501" /><testcase classname="backend.tests.test_sukhyamed" name="test_doctor_profile_get_update" time="0.529" /><testcase classname="backend.tests.test_sukhyamed" name="test_prescription_flow" time="1.800" /><testcase classname="backend.tests.test_sukhyamed" name="test_admin_endpoints" time="57.191" /><testcase classname="backend.tests.test_sukhyamed" name="test_2fa_setup_enable_login_disable" time="1.094" /><testcase classname="backend.tests.test_sukhyamed" name="test_forgot_and_reset_password_dev_link" time="1.320" /><testcase classname="backend.tests.test_sukhyamed" name="test_ai_chat_and_history" time="7.506" /><testcase classname="backend.tests.test_sukhyamed" name="test_audit_logs_capture_login" time="0.425" /><testcase classname="backend.tests.test_sukhyamed" name="test_google_oauth_gated" time="0.096" /></testsuite></testsuites>